12 0.013368 0.0008
12 0.013376 0.0012
12 0.013464 0.0012
16 0.018352 0.004
16 0.018352 0.004
16 0.018368 0.004
20 0.022352 0.0092
20 0.02236 0.0092
20 0.02236 0.0092
24 0.026352 0.0112
24 0.02636 0.0116
24 0.02636 0.012
28 0.030344 0.016
28 0.03036 0.0164
28 0.03036 0.0164
3 0.005528 0.016
3 0.005528 0.0168
3 0.005528 0.0172
36 0.038352 0.0224
36 0.038352 0.0228
36 0.038352 0.0228
44 0.046336 0.0268
44 0.046344 0.0268
44 0.046344 0.0268
52 0.054328 0.0296
52 0.054336 0.0296
52 0.054336 0.0304
60 0.062328 0.032
60 0.062344 0.0324
60 0.062344 0.0324
8 0.01052 0.0052
8 0.010528 0.0048
8 0.010528 0.0056
